{"/Users/bettyalagwu/Documents/Code/Kibamail/owly-design-system/components/badge/badge.props.ts": {"path":"/Users/bettyalagwu/Documents/Code/Kibamail/owly-design-system/components/badge/badge.props.ts","all":false,"statementMap":{"3":{"start":{"line":4,"column":0},"end":{"line":4,"column":84}},"5":{"start":{"line":6,"column":0},"end":{"line":6,"column":43}},"7":{"start":{"line":8,"column":0},"end":{"line":8,"column":37}},"8":{"start":{"line":9,"column":0},"end":{"line":9,"column":9}},"9":{"start":{"line":10,"column":0},"end":{"line":10,"column":18}},"10":{"start":{"line":11,"column":0},"end":{"line":11,"column":4}},"11":{"start":{"line":12,"column":0},"end":{"line":12,"column":13}}},"s":{"3":1,"5":1,"7":1,"8":1,"9":1,"10":1,"11":1},"branchMap":{},"b":{},"fnMap":{},"f":{}}
,"/Users/bettyalagwu/Documents/Code/Kibamail/owly-design-system/components/badge/badge.spec.tsx": {"path":"/Users/bettyalagwu/Documents/Code/Kibamail/owly-design-system/components/badge/badge.spec.tsx","all":false,"statementMap":{"0":{"start":{"line":1,"column":0},"end":{"line":1,"column":25}},"1":{"start":{"line":2,"column":0},"end":{"line":2,"column":39}},"2":{"start":{"line":3,"column":0},"end":{"line":3,"column":64}},"3":{"start":{"line":4,"column":0},"end":{"line":4,"column":31}},"4":{"start":{"line":5,"column":0},"end":{"line":5,"column":40}},"5":{"start":{"line":6,"column":0},"end":{"line":6,"column":35}},"7":{"start":{"line":8,"column":0},"end":{"line":8,"column":26}},"8":{"start":{"line":9,"column":0},"end":{"line":9,"column":20}},"10":{"start":{"line":11,"column":0},"end":{"line":11,"column":60}},"11":{"start":{"line":12,"column":0},"end":{"line":12,"column":42}},"13":{"start":{"line":14,"column":0},"end":{"line":14,"column":67}},"14":{"start":{"line":15,"column":0},"end":{"line":15,"column":3}},"16":{"start":{"line":17,"column":0},"end":{"line":17,"column":88}},"17":{"start":{"line":18,"column":0},"end":{"line":18,"column":35}},"18":{"start":{"line":19,"column":0},"end":{"line":19,"column":51}},"20":{"start":{"line":21,"column":0},"end":{"line":21,"column":53}},"23":{"start":{"line":24,"column":0},"end":{"line":24,"column":70}},"24":{"start":{"line":25,"column":0},"end":{"line":25,"column":58}},"26":{"start":{"line":27,"column":0},"end":{"line":27,"column":3}},"30":{"start":{"line":31,"column":0},"end":{"line":31,"column":3}},"32":{"start":{"line":33,"column":0},"end":{"line":33,"column":94}},"33":{"start":{"line":34,"column":0},"end":{"line":34,"column":57}},"35":{"start":{"line":36,"column":0},"end":{"line":36,"column":56}},"36":{"start":{"line":37,"column":0},"end":{"line":37,"column":3}},"38":{"start":{"line":39,"column":0},"end":{"line":39,"column":103}},"39":{"start":{"line":40,"column":0},"end":{"line":40,"column":62}},"41":{"start":{"line":42,"column":0},"end":{"line":42,"column":71}},"43":{"start":{"line":44,"column":0},"end":{"line":44,"column":103}},"44":{"start":{"line":45,"column":0},"end":{"line":45,"column":3}},"45":{"start":{"line":46,"column":0},"end":{"line":46,"column":2}}},"s":{"0":1,"1":1,"2":1,"3":1,"4":1,"5":1,"7":1,"8":1,"10":1,"11":1,"13":1,"14":1,"16":1,"17":1,"18":5,"20":5,"23":5,"24":5,"26":5,"30":1,"32":1,"33":1,"35":1,"36":1,"38":1,"39":1,"41":1,"43":1,"44":1,"45":1},"branchMap":{"0":{"type":"branch","line":8,"loc":{"start":{"line":8,"column":19},"end":{"line":46,"column":2}},"locations":[{"start":{"line":8,"column":19},"end":{"line":46,"column":2}}]},"1":{"type":"branch","line":11,"loc":{"start":{"line":11,"column":43},"end":{"line":15,"column":2}},"locations":[{"start":{"line":11,"column":43},"end":{"line":15,"column":2}}]},"2":{"type":"branch","line":17,"loc":{"start":{"line":17,"column":71},"end":{"line":31,"column":2}},"locations":[{"start":{"line":17,"column":71},"end":{"line":31,"column":2}}]},"3":{"type":"branch","line":18,"loc":{"start":{"line":18,"column":34},"end":{"line":27,"column":3}},"locations":[{"start":{"line":18,"column":34},"end":{"line":27,"column":3}}]},"4":{"type":"branch","line":33,"loc":{"start":{"line":33,"column":77},"end":{"line":37,"column":2}},"locations":[{"start":{"line":33,"column":77},"end":{"line":37,"column":2}}]},"5":{"type":"branch","line":39,"loc":{"start":{"line":39,"column":86},"end":{"line":45,"column":2}},"locations":[{"start":{"line":39,"column":86},"end":{"line":45,"column":2}}]}},"b":{"0":[1],"1":[1],"2":[1],"3":[5],"4":[1],"5":[1]},"fnMap":{},"f":{}}
,"/Users/bettyalagwu/Documents/Code/Kibamail/owly-design-system/components/badge/badge.tsx": {"path":"/Users/bettyalagwu/Documents/Code/Kibamail/owly-design-system/components/badge/badge.tsx","all":false,"statementMap":{"0":{"start":{"line":1,"column":0},"end":{"line":1,"column":28}},"6":{"start":{"line":7,"column":0},"end":{"line":7,"column":64}},"7":{"start":{"line":8,"column":0},"end":{"line":8,"column":34}},"8":{"start":{"line":9,"column":0},"end":{"line":9,"column":80}},"9":{"start":{"line":10,"column":0},"end":{"line":10,"column":46}},"11":{"start":{"line":12,"column":0},"end":{"line":12,"column":77}},"12":{"start":{"line":13,"column":0},"end":{"line":13,"column":101}},"14":{"start":{"line":15,"column":0},"end":{"line":15,"column":12}},"15":{"start":{"line":16,"column":0},"end":{"line":16,"column":16}},"16":{"start":{"line":17,"column":0},"end":{"line":17,"column":17}},"17":{"start":{"line":18,"column":0},"end":{"line":18,"column":17}},"18":{"start":{"line":19,"column":0},"end":{"line":19,"column":79}},"19":{"start":{"line":20,"column":0},"end":{"line":20,"column":8}},"21":{"start":{"line":22,"column":0},"end":{"line":22,"column":4}},"22":{"start":{"line":23,"column":0},"end":{"line":23,"column":2}},"24":{"start":{"line":25,"column":0},"end":{"line":25,"column":28}}},"s":{"0":1,"6":1,"7":1,"8":8,"9":8,"11":8,"12":8,"14":8,"15":8,"16":8,"17":8,"18":8,"19":8,"21":8,"22":1,"24":1},"branchMap":{"0":{"type":"branch","line":8,"loc":{"start":{"line":8,"column":2},"end":{"line":22,"column":4}},"locations":[{"start":{"line":8,"column":2},"end":{"line":22,"column":4}}]},"1":{"type":"branch","line":10,"loc":{"start":{"line":10,"column":22},"end":{"line":10,"column":39}},"locations":[{"start":{"line":10,"column":22},"end":{"line":10,"column":39}}]},"2":{"type":"branch","line":10,"loc":{"start":{"line":10,"column":32},"end":{"line":10,"column":46}},"locations":[{"start":{"line":10,"column":32},"end":{"line":10,"column":46}}]}},"b":{"0":[8],"1":[1],"2":[7]},"fnMap":{"0":{"name":"BaseBadge","decl":{"start":{"line":8,"column":2},"end":{"line":22,"column":4}},"loc":{"start":{"line":8,"column":2},"end":{"line":22,"column":4}},"line":8}},"f":{"0":8}}
,"/Users/bettyalagwu/Documents/Code/Kibamail/owly-design-system/components/button/button.tsx": {"path":"/Users/bettyalagwu/Documents/Code/Kibamail/owly-design-system/components/button/button.tsx","all":true,"statementMap":{"0":{"start":{"line":1,"column":0},"end":{"line":1,"column":25}},"18":{"start":{"line":19,"column":0},"end":{"line":19,"column":24}},"19":{"start":{"line":20,"column":0},"end":{"line":20,"column":18}},"20":{"start":{"line":21,"column":0},"end":{"line":21,"column":18}},"21":{"start":{"line":22,"column":0},"end":{"line":22,"column":18}},"22":{"start":{"line":23,"column":0},"end":{"line":23,"column":8}},"23":{"start":{"line":24,"column":0},"end":{"line":24,"column":10}},"24":{"start":{"line":25,"column":0},"end":{"line":25,"column":20}},"25":{"start":{"line":26,"column":0},"end":{"line":26,"column":22}},"26":{"start":{"line":27,"column":0},"end":{"line":27,"column":33}},"27":{"start":{"line":28,"column":0},"end":{"line":28,"column":35}},"28":{"start":{"line":29,"column":0},"end":{"line":29,"column":10}},"29":{"start":{"line":30,"column":0},"end":{"line":30,"column":11}},"30":{"start":{"line":31,"column":0},"end":{"line":31,"column":19}},"31":{"start":{"line":32,"column":0},"end":{"line":32,"column":78}},"32":{"start":{"line":33,"column":0},"end":{"line":33,"column":11}},"33":{"start":{"line":34,"column":0},"end":{"line":34,"column":8}},"34":{"start":{"line":35,"column":0},"end":{"line":35,"column":33}},"35":{"start":{"line":36,"column":0},"end":{"line":36,"column":16}},"37":{"start":{"line":38,"column":0},"end":{"line":38,"column":13}},"38":{"start":{"line":39,"column":0},"end":{"line":39,"column":13}},"40":{"start":{"line":41,"column":0},"end":{"line":41,"column":1}}},"s":{"0":0,"18":0,"19":0,"20":0,"21":0,"22":0,"23":0,"24":0,"25":0,"26":0,"27":0,"28":0,"29":0,"30":0,"31":0,"32":0,"33":0,"34":0,"35":0,"37":0,"38":0,"40":0},"branchMap":{"0":{"type":"branch","line":1,"loc":{"start":{"line":1,"column":901},"end":{"line":41,"column":1}},"locations":[{"start":{"line":1,"column":901},"end":{"line":41,"column":1}}]}},"b":{"0":[0]},"fnMap":{"0":{"name":"(empty-report)","decl":{"start":{"line":1,"column":901},"end":{"line":41,"column":1}},"loc":{"start":{"line":1,"column":901},"end":{"line":41,"column":1}},"line":1}},"f":{"0":0}}
,"/Users/bettyalagwu/Documents/Code/Kibamail/owly-design-system/utils/breakpoints.ts": {"path":"/Users/bettyalagwu/Documents/Code/Kibamail/owly-design-system/utils/breakpoints.ts","all":false,"statementMap":{"0":{"start":{"line":1,"column":0},"end":{"line":1,"column":38}},"1":{"start":{"line":2,"column":0},"end":{"line":2,"column":9}},"2":{"start":{"line":3,"column":0},"end":{"line":3,"column":7}},"3":{"start":{"line":4,"column":0},"end":{"line":4,"column":7}},"4":{"start":{"line":5,"column":0},"end":{"line":5,"column":7}},"5":{"start":{"line":6,"column":0},"end":{"line":6,"column":7}},"6":{"start":{"line":7,"column":0},"end":{"line":7,"column":8}},"7":{"start":{"line":8,"column":0},"end":{"line":8,"column":11}}},"s":{"0":1,"1":1,"2":1,"3":1,"4":1,"5":1,"6":1,"7":1},"branchMap":{},"b":{},"fnMap":{},"f":{}}
,"/Users/bettyalagwu/Documents/Code/Kibamail/owly-design-system/utils/props.ts": {"path":"/Users/bettyalagwu/Documents/Code/Kibamail/owly-design-system/utils/props.ts","all":false,"statementMap":{"0":{"start":{"line":1,"column":0},"end":{"line":1,"column":8}},"15":{"start":{"line":16,"column":0},"end":{"line":16,"column":78}},"16":{"start":{"line":17,"column":0},"end":{"line":17,"column":14}},"17":{"start":{"line":18,"column":0},"end":{"line":18,"column":17}},"18":{"start":{"line":19,"column":0},"end":{"line":19,"column":3}},"20":{"start":{"line":21,"column":0},"end":{"line":21,"column":33}},"21":{"start":{"line":22,"column":0},"end":{"line":22,"column":17}},"22":{"start":{"line":23,"column":0},"end":{"line":23,"column":3}},"24":{"start":{"line":25,"column":0},"end":{"line":25,"column":50}},"25":{"start":{"line":26,"column":0},"end":{"line":26,"column":73}},"26":{"start":{"line":27,"column":0},"end":{"line":27,"column":4}},"27":{"start":{"line":28,"column":0},"end":{"line":28,"column":1}},"29":{"start":{"line":30,"column":0},"end":{"line":30,"column":96}},"30":{"start":{"line":31,"column":0},"end":{"line":31,"column":36}},"32":{"start":{"line":33,"column":0},"end":{"line":33,"column":56}},"34":{"start":{"line":35,"column":0},"end":{"line":35,"column":22}},"35":{"start":{"line":36,"column":0},"end":{"line":36,"column":1}},"37":{"start":{"line":38,"column":0},"end":{"line":38,"column":50}},"38":{"start":{"line":39,"column":0},"end":{"line":39,"column":19}},"39":{"start":{"line":40,"column":0},"end":{"line":40,"column":42}},"40":{"start":{"line":41,"column":0},"end":{"line":41,"column":19}},"41":{"start":{"line":42,"column":0},"end":{"line":42,"column":3}},"42":{"start":{"line":43,"column":0},"end":{"line":43,"column":36}},"44":{"start":{"line":45,"column":0},"end":{"line":45,"column":63}},"45":{"start":{"line":46,"column":0},"end":{"line":46,"column":36}},"46":{"start":{"line":47,"column":0},"end":{"line":47,"column":58}},"48":{"start":{"line":49,"column":0},"end":{"line":49,"column":41}},"49":{"start":{"line":50,"column":0},"end":{"line":50,"column":51}},"50":{"start":{"line":51,"column":0},"end":{"line":51,"column":5}},"52":{"start":{"line":53,"column":0},"end":{"line":53,"column":56}},"53":{"start":{"line":54,"column":0},"end":{"line":54,"column":58}},"54":{"start":{"line":55,"column":0},"end":{"line":55,"column":8}},"55":{"start":{"line":56,"column":0},"end":{"line":56,"column":60}},"57":{"start":{"line":58,"column":0},"end":{"line":58,"column":79}},"59":{"start":{"line":60,"column":0},"end":{"line":60,"column":18}},"60":{"start":{"line":61,"column":0},"end":{"line":61,"column":23}},"61":{"start":{"line":62,"column":0},"end":{"line":62,"column":20}},"62":{"start":{"line":63,"column":0},"end":{"line":63,"column":57}},"63":{"start":{"line":64,"column":0},"end":{"line":64,"column":10}},"64":{"start":{"line":65,"column":0},"end":{"line":65,"column":7}},"65":{"start":{"line":66,"column":0},"end":{"line":66,"column":5}},"66":{"start":{"line":67,"column":0},"end":{"line":67,"column":10}},"67":{"start":{"line":68,"column":0},"end":{"line":68,"column":75}},"68":{"start":{"line":69,"column":0},"end":{"line":69,"column":3}},"70":{"start":{"line":71,"column":0},"end":{"line":71,"column":23}},"71":{"start":{"line":72,"column":0},"end":{"line":72,"column":1}},"73":{"start":{"line":74,"column":0},"end":{"line":74,"column":53}},"79":{"start":{"line":80,"column":0},"end":{"line":80,"column":13}},"80":{"start":{"line":81,"column":0},"end":{"line":81,"column":24}},"81":{"start":{"line":82,"column":0},"end":{"line":82,"column":12}},"82":{"start":{"line":83,"column":0},"end":{"line":83,"column":1}}},"s":{"0":1,"15":1,"16":8,"17":7,"18":7,"20":8,"21":0,"22":0,"24":1,"25":1,"26":1,"27":1,"29":1,"30":8,"32":8,"34":8,"35":8,"37":1,"38":8,"39":8,"40":8,"41":8,"42":8,"44":8,"45":1,"46":1,"48":1,"49":1,"50":1,"52":1,"53":1,"54":1,"55":3,"57":3,"59":3,"60":3,"61":3,"62":3,"63":3,"64":3,"65":3,"66":8,"67":7,"68":7,"70":8,"71":8,"73":1,"79":0,"80":0,"81":0,"82":0},"branchMap":{"0":{"type":"branch","line":16,"loc":{"start":{"line":16,"column":7},"end":{"line":28,"column":1}},"locations":[{"start":{"line":16,"column":7},"end":{"line":28,"column":1}}]},"1":{"type":"branch","line":17,"loc":{"start":{"line":17,"column":13},"end":{"line":19,"column":3}},"locations":[{"start":{"line":17,"column":13},"end":{"line":19,"column":3}}]},"2":{"type":"branch","line":19,"loc":{"start":{"line":19,"column":2},"end":{"line":21,"column":32}},"locations":[{"start":{"line":19,"column":2},"end":{"line":21,"column":32}}]},"3":{"type":"branch","line":21,"loc":{"start":{"line":21,"column":32},"end":{"line":23,"column":3}},"locations":[{"start":{"line":21,"column":32},"end":{"line":23,"column":3}}]},"4":{"type":"branch","line":23,"loc":{"start":{"line":23,"column":2},"end":{"line":28,"column":1}},"locations":[{"start":{"line":23,"column":2},"end":{"line":28,"column":1}}]},"5":{"type":"branch","line":25,"loc":{"start":{"line":25,"column":32},"end":{"line":26,"column":73}},"locations":[{"start":{"line":25,"column":32},"end":{"line":26,"column":73}}]},"6":{"type":"branch","line":30,"loc":{"start":{"line":30,"column":7},"end":{"line":36,"column":1}},"locations":[{"start":{"line":30,"column":7},"end":{"line":36,"column":1}}]},"7":{"type":"branch","line":33,"loc":{"start":{"line":33,"column":32},"end":{"line":33,"column":53}},"locations":[{"start":{"line":33,"column":32},"end":{"line":33,"column":53}}]},"8":{"type":"branch","line":38,"loc":{"start":{"line":38,"column":7},"end":{"line":72,"column":1}},"locations":[{"start":{"line":38,"column":7},"end":{"line":72,"column":1}}]},"9":{"type":"branch","line":45,"loc":{"start":{"line":45,"column":62},"end":{"line":67,"column":9}},"locations":[{"start":{"line":45,"column":62},"end":{"line":67,"column":9}}]},"10":{"type":"branch","line":55,"loc":{"start":{"line":55,"column":7},"end":{"line":66,"column":5}},"locations":[{"start":{"line":55,"column":7},"end":{"line":66,"column":5}}]},"11":{"type":"branch","line":58,"loc":{"start":{"line":58,"column":31},"end":{"line":58,"column":59}},"locations":[{"start":{"line":58,"column":31},"end":{"line":58,"column":59}}]},"12":{"type":"branch","line":58,"loc":{"start":{"line":58,"column":54},"end":{"line":58,"column":79}},"locations":[{"start":{"line":58,"column":54},"end":{"line":58,"column":79}}]},"13":{"type":"branch","line":67,"loc":{"start":{"line":67,"column":2},"end":{"line":69,"column":3}},"locations":[{"start":{"line":67,"column":2},"end":{"line":69,"column":3}}]}},"b":{"0":[8],"1":[7],"2":[1],"3":[0],"4":[1],"5":[1],"6":[8],"7":[3],"8":[8],"9":[1],"10":[3],"11":[1],"12":[2],"13":[7]},"fnMap":{"0":{"name":"isResponsiveObjectPropDefinition","decl":{"start":{"line":16,"column":7},"end":{"line":28,"column":1}},"loc":{"start":{"line":16,"column":7},"end":{"line":28,"column":1}},"line":16},"1":{"name":"getVariableClassNamesForProp","decl":{"start":{"line":30,"column":7},"end":{"line":36,"column":1}},"loc":{"start":{"line":30,"column":7},"end":{"line":36,"column":1}},"line":30},"2":{"name":"getResponsiveClassNamesForProp","decl":{"start":{"line":38,"column":7},"end":{"line":72,"column":1}},"loc":{"start":{"line":38,"column":7},"end":{"line":72,"column":1}},"line":38},"3":{"name":"getComponentStylesAndClassNamesProps","decl":{"start":{"line":74,"column":7},"end":{"line":83,"column":1}},"loc":{"start":{"line":74,"column":7},"end":{"line":83,"column":1}},"line":74}},"f":{"0":8,"1":8,"2":8,"3":0}}
}
