{"/Users/bettyalagwu/Documents/Code/Kibamail/owly-design-system/components/badge/badge.props.ts": {"path":"/Users/bettyalagwu/Documents/Code/Kibamail/owly-design-system/components/badge/badge.props.ts","all":false,"statementMap":{"3":{"start":{"line":4,"column":0},"end":{"line":4,"column":84}},"5":{"start":{"line":6,"column":0},"end":{"line":6,"column":43}},"7":{"start":{"line":8,"column":0},"end":{"line":8,"column":37}},"8":{"start":{"line":9,"column":0},"end":{"line":9,"column":9}},"9":{"start":{"line":10,"column":0},"end":{"line":10,"column":18}},"10":{"start":{"line":11,"column":0},"end":{"line":11,"column":4}},"11":{"start":{"line":12,"column":0},"end":{"line":12,"column":13}}},"s":{"3":1,"5":1,"7":1,"8":1,"9":1,"10":1,"11":1},"branchMap":{},"b":{},"fnMap":{},"f":{}}
,"/Users/bettyalagwu/Documents/Code/Kibamail/owly-design-system/components/badge/badge.spec.tsx": {"path":"/Users/bettyalagwu/Documents/Code/Kibamail/owly-design-system/components/badge/badge.spec.tsx","all":false,"statementMap":{"0":{"start":{"line":1,"column":0},"end":{"line":1,"column":25}},"1":{"start":{"line":2,"column":0},"end":{"line":2,"column":39}},"2":{"start":{"line":3,"column":0},"end":{"line":3,"column":64}},"3":{"start":{"line":4,"column":0},"end":{"line":4,"column":31}},"4":{"start":{"line":5,"column":0},"end":{"line":5,"column":40}},"5":{"start":{"line":6,"column":0},"end":{"line":6,"column":35}},"7":{"start":{"line":8,"column":0},"end":{"line":8,"column":26}},"8":{"start":{"line":9,"column":0},"end":{"line":9,"column":20}},"10":{"start":{"line":11,"column":0},"end":{"line":11,"column":60}},"11":{"start":{"line":12,"column":0},"end":{"line":12,"column":42}},"13":{"start":{"line":14,"column":0},"end":{"line":14,"column":67}},"14":{"start":{"line":15,"column":0},"end":{"line":15,"column":3}},"16":{"start":{"line":17,"column":0},"end":{"line":17,"column":88}},"17":{"start":{"line":18,"column":0},"end":{"line":18,"column":35}},"18":{"start":{"line":19,"column":0},"end":{"line":19,"column":51}},"20":{"start":{"line":21,"column":0},"end":{"line":21,"column":53}},"23":{"start":{"line":24,"column":0},"end":{"line":24,"column":70}},"24":{"start":{"line":25,"column":0},"end":{"line":25,"column":58}},"26":{"start":{"line":27,"column":0},"end":{"line":27,"column":3}},"30":{"start":{"line":31,"column":0},"end":{"line":31,"column":3}},"32":{"start":{"line":33,"column":0},"end":{"line":33,"column":94}},"33":{"start":{"line":34,"column":0},"end":{"line":34,"column":57}},"35":{"start":{"line":36,"column":0},"end":{"line":36,"column":56}},"36":{"start":{"line":37,"column":0},"end":{"line":37,"column":3}},"38":{"start":{"line":39,"column":0},"end":{"line":39,"column":103}},"39":{"start":{"line":40,"column":0},"end":{"line":40,"column":62}},"41":{"start":{"line":42,"column":0},"end":{"line":42,"column":71}},"43":{"start":{"line":44,"column":0},"end":{"line":44,"column":103}},"44":{"start":{"line":45,"column":0},"end":{"line":45,"column":3}},"45":{"start":{"line":46,"column":0},"end":{"line":46,"column":2}}},"s":{"0":1,"1":1,"2":1,"3":1,"4":1,"5":1,"7":1,"8":1,"10":1,"11":1,"13":1,"14":1,"16":1,"17":1,"18":5,"20":5,"23":5,"24":5,"26":5,"30":1,"32":1,"33":1,"35":1,"36":1,"38":1,"39":1,"41":1,"43":1,"44":1,"45":1},"branchMap":{"0":{"type":"branch","line":8,"loc":{"start":{"line":8,"column":19},"end":{"line":46,"column":2}},"locations":[{"start":{"line":8,"column":19},"end":{"line":46,"column":2}}]},"1":{"type":"branch","line":11,"loc":{"start":{"line":11,"column":43},"end":{"line":15,"column":2}},"locations":[{"start":{"line":11,"column":43},"end":{"line":15,"column":2}}]},"2":{"type":"branch","line":17,"loc":{"start":{"line":17,"column":71},"end":{"line":31,"column":2}},"locations":[{"start":{"line":17,"column":71},"end":{"line":31,"column":2}}]},"3":{"type":"branch","line":18,"loc":{"start":{"line":18,"column":34},"end":{"line":27,"column":3}},"locations":[{"start":{"line":18,"column":34},"end":{"line":27,"column":3}}]},"4":{"type":"branch","line":33,"loc":{"start":{"line":33,"column":77},"end":{"line":37,"column":2}},"locations":[{"start":{"line":33,"column":77},"end":{"line":37,"column":2}}]},"5":{"type":"branch","line":39,"loc":{"start":{"line":39,"column":86},"end":{"line":45,"column":2}},"locations":[{"start":{"line":39,"column":86},"end":{"line":45,"column":2}}]}},"b":{"0":[1],"1":[1],"2":[1],"3":[5],"4":[1],"5":[1]},"fnMap":{},"f":{}}
,"/Users/bettyalagwu/Documents/Code/Kibamail/owly-design-system/components/badge/badge.tsx": {"path":"/Users/bettyalagwu/Documents/Code/Kibamail/owly-design-system/components/badge/badge.tsx","all":false,"statementMap":{"0":{"start":{"line":1,"column":0},"end":{"line":1,"column":28}},"9":{"start":{"line":10,"column":0},"end":{"line":10,"column":64}},"10":{"start":{"line":11,"column":0},"end":{"line":11,"column":34}},"11":{"start":{"line":12,"column":0},"end":{"line":12,"column":80}},"12":{"start":{"line":13,"column":0},"end":{"line":13,"column":46}},"14":{"start":{"line":15,"column":0},"end":{"line":15,"column":77}},"15":{"start":{"line":16,"column":0},"end":{"line":16,"column":13}},"16":{"start":{"line":17,"column":0},"end":{"line":17,"column":11}},"17":{"start":{"line":18,"column":0},"end":{"line":18,"column":11}},"18":{"start":{"line":19,"column":0},"end":{"line":19,"column":6}},"19":{"start":{"line":20,"column":0},"end":{"line":20,"column":73}},"21":{"start":{"line":22,"column":0},"end":{"line":22,"column":34}},"23":{"start":{"line":24,"column":0},"end":{"line":24,"column":12}},"24":{"start":{"line":25,"column":0},"end":{"line":25,"column":16}},"25":{"start":{"line":26,"column":0},"end":{"line":26,"column":17}},"26":{"start":{"line":27,"column":0},"end":{"line":27,"column":17}},"27":{"start":{"line":28,"column":0},"end":{"line":28,"column":78}},"28":{"start":{"line":29,"column":0},"end":{"line":29,"column":8}},"30":{"start":{"line":31,"column":0},"end":{"line":31,"column":4}},"31":{"start":{"line":32,"column":0},"end":{"line":32,"column":2}},"33":{"start":{"line":34,"column":0},"end":{"line":34,"column":28}}},"s":{"0":1,"9":1,"10":1,"11":8,"12":8,"14":8,"15":8,"16":8,"17":8,"18":8,"19":8,"21":8,"23":8,"24":8,"25":8,"26":8,"27":8,"28":8,"30":8,"31":1,"33":1},"branchMap":{"0":{"type":"branch","line":11,"loc":{"start":{"line":11,"column":2},"end":{"line":31,"column":4}},"locations":[{"start":{"line":11,"column":2},"end":{"line":31,"column":4}}]},"1":{"type":"branch","line":13,"loc":{"start":{"line":13,"column":22},"end":{"line":13,"column":39}},"locations":[{"start":{"line":13,"column":22},"end":{"line":13,"column":39}}]},"2":{"type":"branch","line":13,"loc":{"start":{"line":13,"column":32},"end":{"line":13,"column":46}},"locations":[{"start":{"line":13,"column":32},"end":{"line":13,"column":46}}]}},"b":{"0":[8],"1":[1],"2":[7]},"fnMap":{"0":{"name":"BaseBadge","decl":{"start":{"line":11,"column":2},"end":{"line":31,"column":4}},"loc":{"start":{"line":11,"column":2},"end":{"line":31,"column":4}},"line":11}},"f":{"0":8}}
,"/Users/bettyalagwu/Documents/Code/Kibamail/owly-design-system/components/button/button.props.ts": {"path":"/Users/bettyalagwu/Documents/Code/Kibamail/owly-design-system/components/button/button.props.ts","all":false,"statementMap":{"3":{"start":{"line":4,"column":0},"end":{"line":4,"column":25}},"4":{"start":{"line":5,"column":0},"end":{"line":5,"column":12}},"5":{"start":{"line":6,"column":0},"end":{"line":6,"column":14}},"6":{"start":{"line":7,"column":0},"end":{"line":7,"column":16}},"7":{"start":{"line":8,"column":0},"end":{"line":8,"column":13}},"8":{"start":{"line":9,"column":0},"end":{"line":9,"column":11}},"10":{"start":{"line":11,"column":0},"end":{"line":11,"column":55}},"12":{"start":{"line":13,"column":0},"end":{"line":13,"column":38}},"13":{"start":{"line":14,"column":0},"end":{"line":14,"column":9}},"14":{"start":{"line":15,"column":0},"end":{"line":15,"column":18}},"15":{"start":{"line":16,"column":0},"end":{"line":16,"column":4}},"16":{"start":{"line":17,"column":0},"end":{"line":17,"column":13}}},"s":{"3":1,"4":1,"5":1,"6":1,"7":1,"8":1,"10":1,"12":1,"13":1,"14":1,"15":1,"16":1},"branchMap":{},"b":{},"fnMap":{},"f":{}}
,"/Users/bettyalagwu/Documents/Code/Kibamail/owly-design-system/components/button/button.spec.tsx": {"path":"/Users/bettyalagwu/Documents/Code/Kibamail/owly-design-system/components/button/button.spec.tsx","all":false,"statementMap":{"0":{"start":{"line":1,"column":0},"end":{"line":1,"column":26}},"1":{"start":{"line":2,"column":0},"end":{"line":2,"column":40}},"2":{"start":{"line":3,"column":0},"end":{"line":3,"column":65}},"3":{"start":{"line":4,"column":0},"end":{"line":4,"column":34}},"4":{"start":{"line":5,"column":0},"end":{"line":5,"column":42}},"5":{"start":{"line":6,"column":0},"end":{"line":6,"column":36}},"7":{"start":{"line":8,"column":0},"end":{"line":8,"column":27}},"8":{"start":{"line":9,"column":0},"end":{"line":9,"column":22}},"10":{"start":{"line":11,"column":0},"end":{"line":11,"column":61}},"11":{"start":{"line":12,"column":0},"end":{"line":12,"column":45}},"13":{"start":{"line":14,"column":0},"end":{"line":14,"column":68}},"14":{"start":{"line":15,"column":0},"end":{"line":15,"column":5}},"16":{"start":{"line":17,"column":0},"end":{"line":17,"column":74}},"17":{"start":{"line":18,"column":0},"end":{"line":18,"column":11}},"18":{"start":{"line":19,"column":0},"end":{"line":19,"column":9}},"19":{"start":{"line":20,"column":0},"end":{"line":20,"column":37}},"20":{"start":{"line":21,"column":0},"end":{"line":21,"column":53}},"22":{"start":{"line":23,"column":0},"end":{"line":23,"column":59}},"24":{"start":{"line":25,"column":0},"end":{"line":25,"column":75}},"25":{"start":{"line":26,"column":0},"end":{"line":26,"column":63}},"26":{"start":{"line":27,"column":0},"end":{"line":27,"column":5}},"27":{"start":{"line":28,"column":0},"end":{"line":28,"column":5}},"29":{"start":{"line":30,"column":0},"end":{"line":30,"column":80}},"30":{"start":{"line":31,"column":0},"end":{"line":31,"column":11}},"31":{"start":{"line":32,"column":0},"end":{"line":32,"column":9}},"32":{"start":{"line":33,"column":0},"end":{"line":33,"column":11}},"33":{"start":{"line":34,"column":0},"end":{"line":34,"column":22}},"34":{"start":{"line":35,"column":0},"end":{"line":35,"column":56}},"35":{"start":{"line":36,"column":0},"end":{"line":36,"column":16}},"36":{"start":{"line":37,"column":0},"end":{"line":37,"column":6}},"38":{"start":{"line":39,"column":0},"end":{"line":39,"column":57}},"39":{"start":{"line":40,"column":0},"end":{"line":40,"column":5}},"41":{"start":{"line":42,"column":0},"end":{"line":42,"column":89}},"42":{"start":{"line":43,"column":0},"end":{"line":43,"column":11}},"43":{"start":{"line":44,"column":0},"end":{"line":44,"column":9}},"44":{"start":{"line":45,"column":0},"end":{"line":45,"column":67}},"46":{"start":{"line":47,"column":0},"end":{"line":47,"column":75}},"48":{"start":{"line":49,"column":0},"end":{"line":49,"column":34}},"49":{"start":{"line":50,"column":0},"end":{"line":50,"column":82}},"50":{"start":{"line":51,"column":0},"end":{"line":51,"column":6}},"51":{"start":{"line":52,"column":0},"end":{"line":52,"column":5}},"52":{"start":{"line":53,"column":0},"end":{"line":53,"column":3}}},"s":{"0":1,"1":1,"2":1,"3":1,"4":1,"5":1,"7":1,"8":1,"10":1,"11":1,"13":1,"14":1,"16":1,"17":1,"18":1,"19":1,"20":4,"22":4,"24":4,"25":4,"26":4,"27":1,"29":1,"30":1,"31":1,"32":1,"33":1,"34":1,"35":1,"36":1,"38":1,"39":1,"41":1,"42":1,"43":1,"44":1,"46":1,"48":1,"49":1,"50":1,"51":1,"52":1},"branchMap":{"0":{"type":"branch","line":8,"loc":{"start":{"line":8,"column":20},"end":{"line":53,"column":3}},"locations":[{"start":{"line":8,"column":20},"end":{"line":53,"column":3}}]},"1":{"type":"branch","line":11,"loc":{"start":{"line":11,"column":44},"end":{"line":15,"column":3}},"locations":[{"start":{"line":11,"column":44},"end":{"line":15,"column":3}}]},"2":{"type":"branch","line":17,"loc":{"start":{"line":17,"column":72},"end":{"line":28,"column":3}},"locations":[{"start":{"line":17,"column":72},"end":{"line":28,"column":3}}]},"3":{"type":"branch","line":20,"loc":{"start":{"line":20,"column":36},"end":{"line":27,"column":5}},"locations":[{"start":{"line":20,"column":36},"end":{"line":27,"column":5}}]},"4":{"type":"branch","line":30,"loc":{"start":{"line":30,"column":78},"end":{"line":40,"column":3}},"locations":[{"start":{"line":30,"column":78},"end":{"line":40,"column":3}}]},"5":{"type":"branch","line":42,"loc":{"start":{"line":42,"column":87},"end":{"line":52,"column":3}},"locations":[{"start":{"line":42,"column":87},"end":{"line":52,"column":3}}]}},"b":{"0":[1],"1":[1],"2":[1],"3":[4],"4":[1],"5":[1]},"fnMap":{},"f":{}}
,"/Users/bettyalagwu/Documents/Code/Kibamail/owly-design-system/components/button/button.tsx": {"path":"/Users/bettyalagwu/Documents/Code/Kibamail/owly-design-system/components/button/button.tsx","all":false,"statementMap":{"0":{"start":{"line":1,"column":0},"end":{"line":1,"column":59}},"9":{"start":{"line":10,"column":0},"end":{"line":10,"column":68}},"10":{"start":{"line":11,"column":0},"end":{"line":11,"column":35}},"11":{"start":{"line":12,"column":0},"end":{"line":12,"column":11}},"12":{"start":{"line":13,"column":0},"end":{"line":13,"column":14}},"13":{"start":{"line":14,"column":0},"end":{"line":14,"column":31}},"14":{"start":{"line":15,"column":0},"end":{"line":15,"column":14}},"15":{"start":{"line":16,"column":0},"end":{"line":16,"column":11}},"16":{"start":{"line":17,"column":0},"end":{"line":17,"column":15}},"17":{"start":{"line":18,"column":0},"end":{"line":18,"column":13}},"18":{"start":{"line":19,"column":0},"end":{"line":19,"column":14}},"20":{"start":{"line":21,"column":0},"end":{"line":21,"column":78}},"21":{"start":{"line":22,"column":0},"end":{"line":22,"column":13}},"22":{"start":{"line":23,"column":0},"end":{"line":23,"column":11}},"23":{"start":{"line":24,"column":0},"end":{"line":24,"column":11}},"24":{"start":{"line":25,"column":0},"end":{"line":25,"column":6}},"25":{"start":{"line":26,"column":0},"end":{"line":26,"column":73}},"27":{"start":{"line":28,"column":0},"end":{"line":28,"column":37}},"29":{"start":{"line":30,"column":0},"end":{"line":30,"column":48}},"31":{"start":{"line":32,"column":0},"end":{"line":32,"column":12}},"32":{"start":{"line":33,"column":0},"end":{"line":33,"column":16}},"33":{"start":{"line":34,"column":0},"end":{"line":34,"column":35}},"34":{"start":{"line":35,"column":0},"end":{"line":35,"column":17}},"35":{"start":{"line":36,"column":0},"end":{"line":36,"column":17}},"36":{"start":{"line":37,"column":0},"end":{"line":37,"column":79}},"37":{"start":{"line":38,"column":0},"end":{"line":38,"column":27}},"38":{"start":{"line":39,"column":0},"end":{"line":39,"column":8}},"40":{"start":{"line":41,"column":0},"end":{"line":41,"column":4}},"41":{"start":{"line":42,"column":0},"end":{"line":42,"column":2}}},"s":{"0":1,"9":1,"10":1,"11":7,"12":7,"13":7,"14":7,"15":7,"16":7,"17":7,"18":7,"20":7,"21":7,"22":7,"23":7,"24":7,"25":7,"27":7,"29":7,"31":7,"32":7,"33":7,"34":7,"35":7,"36":7,"37":7,"38":7,"40":7,"41":1},"branchMap":{"0":{"type":"branch","line":11,"loc":{"start":{"line":11,"column":2},"end":{"line":41,"column":4}},"locations":[{"start":{"line":11,"column":2},"end":{"line":41,"column":4}}]},"1":{"type":"branch","line":30,"loc":{"start":{"line":30,"column":22},"end":{"line":30,"column":39}},"locations":[{"start":{"line":30,"column":22},"end":{"line":30,"column":39}}]},"2":{"type":"branch","line":30,"loc":{"start":{"line":30,"column":32},"end":{"line":30,"column":48}},"locations":[{"start":{"line":30,"column":32},"end":{"line":30,"column":48}}]}},"b":{"0":[7],"1":[1],"2":[6]},"fnMap":{"0":{"name":"BaseButton","decl":{"start":{"line":11,"column":2},"end":{"line":41,"column":4}},"loc":{"start":{"line":11,"column":2},"end":{"line":41,"column":4}},"line":11}},"f":{"0":7}}
,"/Users/bettyalagwu/Documents/Code/Kibamail/owly-design-system/utils/breakpoints.ts": {"path":"/Users/bettyalagwu/Documents/Code/Kibamail/owly-design-system/utils/breakpoints.ts","all":false,"statementMap":{"0":{"start":{"line":1,"column":0},"end":{"line":1,"column":38}},"1":{"start":{"line":2,"column":0},"end":{"line":2,"column":9}},"2":{"start":{"line":3,"column":0},"end":{"line":3,"column":7}},"3":{"start":{"line":4,"column":0},"end":{"line":4,"column":7}},"4":{"start":{"line":5,"column":0},"end":{"line":5,"column":7}},"5":{"start":{"line":6,"column":0},"end":{"line":6,"column":7}},"6":{"start":{"line":7,"column":0},"end":{"line":7,"column":8}},"7":{"start":{"line":8,"column":0},"end":{"line":8,"column":11}}},"s":{"0":1,"1":1,"2":1,"3":1,"4":1,"5":1,"6":1,"7":1},"branchMap":{},"b":{},"fnMap":{},"f":{}}
,"/Users/bettyalagwu/Documents/Code/Kibamail/owly-design-system/utils/props.ts": {"path":"/Users/bettyalagwu/Documents/Code/Kibamail/owly-design-system/utils/props.ts","all":false,"statementMap":{"0":{"start":{"line":1,"column":0},"end":{"line":1,"column":8}},"15":{"start":{"line":16,"column":0},"end":{"line":16,"column":78}},"16":{"start":{"line":17,"column":0},"end":{"line":17,"column":14}},"17":{"start":{"line":18,"column":0},"end":{"line":18,"column":17}},"18":{"start":{"line":19,"column":0},"end":{"line":19,"column":3}},"20":{"start":{"line":21,"column":0},"end":{"line":21,"column":33}},"21":{"start":{"line":22,"column":0},"end":{"line":22,"column":17}},"22":{"start":{"line":23,"column":0},"end":{"line":23,"column":3}},"24":{"start":{"line":25,"column":0},"end":{"line":25,"column":50}},"25":{"start":{"line":26,"column":0},"end":{"line":26,"column":73}},"26":{"start":{"line":27,"column":0},"end":{"line":27,"column":4}},"27":{"start":{"line":28,"column":0},"end":{"line":28,"column":1}},"29":{"start":{"line":30,"column":0},"end":{"line":30,"column":48}},"30":{"start":{"line":31,"column":0},"end":{"line":31,"column":19}},"31":{"start":{"line":32,"column":0},"end":{"line":32,"column":12}},"32":{"start":{"line":33,"column":0},"end":{"line":33,"column":19}},"33":{"start":{"line":34,"column":0},"end":{"line":34,"column":3}},"34":{"start":{"line":35,"column":0},"end":{"line":35,"column":36}},"36":{"start":{"line":37,"column":0},"end":{"line":37,"column":56}},"38":{"start":{"line":39,"column":0},"end":{"line":39,"column":23}},"39":{"start":{"line":40,"column":0},"end":{"line":40,"column":1}},"41":{"start":{"line":42,"column":0},"end":{"line":42,"column":50}},"42":{"start":{"line":43,"column":0},"end":{"line":43,"column":19}},"43":{"start":{"line":44,"column":0},"end":{"line":44,"column":42}},"44":{"start":{"line":45,"column":0},"end":{"line":45,"column":19}},"45":{"start":{"line":46,"column":0},"end":{"line":46,"column":3}},"46":{"start":{"line":47,"column":0},"end":{"line":47,"column":36}},"48":{"start":{"line":49,"column":0},"end":{"line":49,"column":63}},"49":{"start":{"line":50,"column":0},"end":{"line":50,"column":36}},"50":{"start":{"line":51,"column":0},"end":{"line":51,"column":58}},"52":{"start":{"line":53,"column":0},"end":{"line":53,"column":41}},"53":{"start":{"line":54,"column":0},"end":{"line":54,"column":51}},"54":{"start":{"line":55,"column":0},"end":{"line":55,"column":5}},"56":{"start":{"line":57,"column":0},"end":{"line":57,"column":56}},"57":{"start":{"line":58,"column":0},"end":{"line":58,"column":58}},"58":{"start":{"line":59,"column":0},"end":{"line":59,"column":8}},"59":{"start":{"line":60,"column":0},"end":{"line":60,"column":60}},"61":{"start":{"line":62,"column":0},"end":{"line":62,"column":79}},"63":{"start":{"line":64,"column":0},"end":{"line":64,"column":18}},"64":{"start":{"line":65,"column":0},"end":{"line":65,"column":23}},"65":{"start":{"line":66,"column":0},"end":{"line":66,"column":20}},"66":{"start":{"line":67,"column":0},"end":{"line":67,"column":57}},"67":{"start":{"line":68,"column":0},"end":{"line":68,"column":10}},"68":{"start":{"line":69,"column":0},"end":{"line":69,"column":7}},"69":{"start":{"line":70,"column":0},"end":{"line":70,"column":5}},"70":{"start":{"line":71,"column":0},"end":{"line":71,"column":10}},"71":{"start":{"line":72,"column":0},"end":{"line":72,"column":75}},"72":{"start":{"line":73,"column":0},"end":{"line":73,"column":3}},"74":{"start":{"line":75,"column":0},"end":{"line":75,"column":23}},"75":{"start":{"line":76,"column":0},"end":{"line":76,"column":1}}},"s":{"0":1,"15":1,"16":15,"17":13,"18":13,"20":15,"21":0,"22":0,"24":2,"25":2,"26":2,"27":2,"29":1,"30":15,"31":15,"32":15,"33":15,"34":15,"36":15,"38":15,"39":15,"41":1,"42":15,"43":15,"44":15,"45":15,"46":15,"48":15,"49":2,"50":2,"52":2,"53":2,"54":2,"56":2,"57":2,"58":2,"59":6,"61":6,"63":6,"64":6,"65":6,"66":6,"67":6,"68":6,"69":6,"70":15,"71":13,"72":13,"74":15,"75":15},"branchMap":{"0":{"type":"branch","line":16,"loc":{"start":{"line":16,"column":7},"end":{"line":28,"column":1}},"locations":[{"start":{"line":16,"column":7},"end":{"line":28,"column":1}}]},"1":{"type":"branch","line":17,"loc":{"start":{"line":17,"column":13},"end":{"line":19,"column":3}},"locations":[{"start":{"line":17,"column":13},"end":{"line":19,"column":3}}]},"2":{"type":"branch","line":19,"loc":{"start":{"line":19,"column":2},"end":{"line":21,"column":32}},"locations":[{"start":{"line":19,"column":2},"end":{"line":21,"column":32}}]},"3":{"type":"branch","line":21,"loc":{"start":{"line":21,"column":32},"end":{"line":23,"column":3}},"locations":[{"start":{"line":21,"column":32},"end":{"line":23,"column":3}}]},"4":{"type":"branch","line":23,"loc":{"start":{"line":23,"column":2},"end":{"line":28,"column":1}},"locations":[{"start":{"line":23,"column":2},"end":{"line":28,"column":1}}]},"5":{"type":"branch","line":25,"loc":{"start":{"line":25,"column":32},"end":{"line":26,"column":73}},"locations":[{"start":{"line":25,"column":32},"end":{"line":26,"column":73}}]},"6":{"type":"branch","line":30,"loc":{"start":{"line":30,"column":7},"end":{"line":40,"column":1}},"locations":[{"start":{"line":30,"column":7},"end":{"line":40,"column":1}}]},"7":{"type":"branch","line":37,"loc":{"start":{"line":37,"column":32},"end":{"line":37,"column":53}},"locations":[{"start":{"line":37,"column":32},"end":{"line":37,"column":53}}]},"8":{"type":"branch","line":42,"loc":{"start":{"line":42,"column":7},"end":{"line":76,"column":1}},"locations":[{"start":{"line":42,"column":7},"end":{"line":76,"column":1}}]},"9":{"type":"branch","line":49,"loc":{"start":{"line":49,"column":62},"end":{"line":71,"column":9}},"locations":[{"start":{"line":49,"column":62},"end":{"line":71,"column":9}}]},"10":{"type":"branch","line":59,"loc":{"start":{"line":59,"column":7},"end":{"line":70,"column":5}},"locations":[{"start":{"line":59,"column":7},"end":{"line":70,"column":5}}]},"11":{"type":"branch","line":62,"loc":{"start":{"line":62,"column":31},"end":{"line":62,"column":59}},"locations":[{"start":{"line":62,"column":31},"end":{"line":62,"column":59}}]},"12":{"type":"branch","line":62,"loc":{"start":{"line":62,"column":54},"end":{"line":62,"column":79}},"locations":[{"start":{"line":62,"column":54},"end":{"line":62,"column":79}}]},"13":{"type":"branch","line":71,"loc":{"start":{"line":71,"column":2},"end":{"line":73,"column":3}},"locations":[{"start":{"line":71,"column":2},"end":{"line":73,"column":3}}]}},"b":{"0":[15],"1":[13],"2":[2],"3":[0],"4":[2],"5":[2],"6":[15],"7":[6],"8":[15],"9":[2],"10":[6],"11":[2],"12":[4],"13":[13]},"fnMap":{"0":{"name":"isResponsiveObjectPropDefinition","decl":{"start":{"line":16,"column":7},"end":{"line":28,"column":1}},"loc":{"start":{"line":16,"column":7},"end":{"line":28,"column":1}},"line":16},"1":{"name":"getVariableClassNamesForProp","decl":{"start":{"line":30,"column":7},"end":{"line":40,"column":1}},"loc":{"start":{"line":30,"column":7},"end":{"line":40,"column":1}},"line":30},"2":{"name":"getResponsiveClassNamesForProp","decl":{"start":{"line":42,"column":7},"end":{"line":76,"column":1}},"loc":{"start":{"line":42,"column":7},"end":{"line":76,"column":1}},"line":42}},"f":{"0":15,"1":15,"2":15}}
}
